<?xml version="1.0" encoding="UTF-8"?>
<testsuite xmlns:xsi="http://www.w3.org/2001/XMLSchema-instance" xsi:noNamespaceSchemaLocation="https://maven.apache.org/surefire/maven-surefire-plugin/xsd/surefire-test-report.xsd" name="TestSuite" time="159.06" tests="4" errors="0" skipped="0" failures="3">
  <properties>
[...]
</properties>
  <testcase name="runScenario" classname="Runners._08_TestRunnerParallel_MasterReport" time="64.526">
    <failure message="stale element reference: element is not attached to the page document&#10;  (Session info: chrome=104.0.5112.102)&#10;For documentation on this error, please visit: https://selenium.dev/exceptions/#stale_element_reference&#10;Build info: version: &apos;4.3.0&apos;, revision: &apos;a4995e2c09*&apos;&#10;System info: host: &apos;NAMELESS&apos;, ip: &apos;192.168.1.102&apos;, os.name: &apos;Windows 10&apos;, os.arch: &apos;amd64&apos;, os.version: &apos;10.0&apos;, java.version: &apos;1.8.0_331&apos;&#10;Driver info: org.openqa.selenium.chrome.ChromeDriver&#10;Command: [21964c6f44de357a142720f309c1d8a3, getElementText {id=b0097024-af5a-4693-bbb1-4572a29275f1}]&#10;Capabilities {acceptInsecureCerts: false, browserName: chrome, browserVersion: 104.0.5112.102, chrome: {chromedriverVersion: 104.0.5112.79 (3cf3e8c8a07d..., userDataDir: C:\Users\PROFES~1\AppData\L...}, goog:chromeOptions: {debuggerAddress: localhost:61043}, networkConnectionEnabled: false, pageLoadStrategy: normal, platformName: WINDOWS, proxy: Proxy(), se:cdp: ws://localhost:61043/devtoo..., se:cdpVersion: 104.0.5112.102, setWindowRect: true, strictFileInteractability: false, timeouts: {implicit: 0, pageLoad: 300000, script: 30000}, unhandledPromptBehavior: dismiss and notify, webauthn:extension:credBlob: true, webauthn:extension:largeBlob: true, webauthn:virtualAuthenticators: true}&#10;Element: [[ChromeDriver: chrome on WINDOWS (21964c6f44de357a142720f309c1d8a3)] -&gt; xpath: //div[contains(text(),&apos;successfully&apos;)]]&#10;Session ID: 21964c6f44de357a142720f309c1d8a3" type="org.openqa.selenium.StaleElementReferenceException">org.openqa.selenium.StaleElementReferenceException: 
stale element reference: element is not attached to the page document
  (Session info: chrome=104.0.5112.102)
For documentation on this error, please visit: https://selenium.dev/exceptions/#stale_element_reference
Build info: version: '4.3.0', revision: 'a4995e2c09*'
System info: host: 'NAMELESS', ip: '192.168.1.102', os.name: 'Windows 10', os.arch: 'amd64', os.version: '10.0', java.version: '1.8.0_331'
Driver info: org.openqa.selenium.chrome.ChromeDriver
Command: [21964c6f44de357a142720f309c1d8a3, getElementText {id=b0097024-af5a-4693-bbb1-4572a29275f1}]
Capabilities {acceptInsecureCerts: false, browserName: chrome, browserVersion: 104.0.5112.102, chrome: {chromedriverVersion: 104.0.5112.79 (3cf3e8c8a07d..., userDataDir: C:\Users\PROFES~1\AppData\L...}, goog:chromeOptions: {debuggerAddress: localhost:61043}, networkConnectionEnabled: false, pageLoadStrategy: normal, platformName: WINDOWS, proxy: Proxy(), se:cdp: ws://localhost:61043/devtoo..., se:cdpVersion: 104.0.5112.102, setWindowRect: true, strictFileInteractability: false, timeouts: {implicit: 0, pageLoad: 300000, script: 30000}, unhandledPromptBehavior: dismiss and notify, webauthn:extension:credBlob: true, webauthn:extension:largeBlob: true, webauthn:virtualAuthenticators: true}
Element: [[ChromeDriver: chrome on WINDOWS (21964c6f44de357a142720f309c1d8a3)] -> xpath: //div[contains(text(),'successfully')]]
Session ID: 21964c6f44de357a142720f309c1d8a3
</failure>
    <system-out><![CDATA[
@Regression
Scenario: Create a country                                &amp#27;[90m# src/test/java/FeatureFiles/_03_CountryMultipleScenarios.feature:9&amp#27;[0m
Driver starts...

@Regression
Scenario: Create a country                                &amp#27;[90m# src/test/java/FeatureFiles/_03_CountryMultipleScenarios.feature:9&amp#27;[0m
Driver starts...
  &amp#27;[32mGiven &amp#27;[0m&amp#27;[32mNavigate to basqar&amp#27;[0m                                &amp#27;[90m# StepDefinitions._01_LoginSteps.navigateToBasqar()&amp#27;[0m
  &amp#27;[32mGiven &amp#27;[0m&amp#27;[32mNavigate to basqar&amp#27;[0m                                &amp#27;[90m# StepDefinitions._01_LoginSteps.navigateToBasqar()&amp#27;[0m
  &amp#27;[32mWhen &amp#27;[0m&amp#27;[32mEnter username and password and click login button&amp#27;[0m &amp#27;[90m# StepDefinitions._01_LoginSteps.enterUsernameAndPasswordAndClickLoginButton()&amp#27;[0m
  &amp#27;[32mWhen &amp#27;[0m&amp#27;[32mEnter username and password and click login button&amp#27;[0m &amp#27;[90m# StepDefinitions._01_LoginSteps.enterUsernameAndPasswordAndClickLoginButton()&amp#27;[0m
  &amp#27;[32mThen &amp#27;[0m&amp#27;[32mUser should login successfuly&amp#27;[0m                      &amp#27;[90m# StepDefinitions._01_LoginSteps.userShouldLoginSuccessfuly()&amp#27;[0m
  &amp#27;[32mAnd &amp#27;[0m&amp#27;[32mNavigate to country page&amp#27;[0m                            &amp#27;[90m# StepDefinitions._02_CountrySteps.navigateToCountryPage()&amp#27;[0m
  &amp#27;[32mThen &amp#27;[0m&amp#27;[32mUser should login successfuly&amp#27;[0m                      &amp#27;[90m# StepDefinitions._01_LoginSteps.userShouldLoginSuccessfuly()&amp#27;[0m
  &amp#27;[32mWhen &amp#27;[0m&amp#27;[32mCreate a country&amp#27;[0m                                   &amp#27;[90m# StepDefinitions._02_CountrySteps.createACountry()&amp#27;[0m
  &amp#27;[31mThen &amp#27;[0m&amp#27;[31mSuccess message should be displayed&amp#27;[0m                &amp#27;[90m# StepDefinitions._02_CountrySteps.successMessageShouldBeDisplayed()&amp#27;[0m
      &amp#27;[31morg.openqa.selenium.StaleElementReferenceException: stale element reference: element is not attached to the page document
  (Session info: chrome=104.0.5112.102)
For documentation on this error, please visit: https://selenium.dev/exceptions/#stale_element_reference
Build info: version: '4.3.0', revision: 'a4995e2c09*'
System info: host: 'NAMELESS', ip: '192.168.1.102', os.name: 'Windows 10', os.arch: 'amd64', os.version: '10.0', java.version: '1.8.0_331'
Driver info: org.openqa.selenium.chrome.ChromeDriver
Command: [21964c6f44de357a142720f309c1d8a3, getElementText {id=b0097024-af5a-4693-bbb1-4572a29275f1}]
Capabilities {acceptInsecureCerts: false, browserName: chrome, browserVersion: 104.0.5112.102, chrome: {chromedriverVersion: 104.0.5112.79 (3cf3e8c8a07d..., userDataDir: C:\Users\PROFES~1\AppData\L...}, goog:chromeOptions: {debuggerAddress: localhost:61043}, networkConnectionEnabled: false, pageLoadStrategy: normal, platformName: WINDOWS, proxy: Proxy(), se:cdp: ws://localhost:61043/devtoo..., se:cdpVersion: 104.0.5112.102, setWindowRect: true, strictFileInteractability: false, timeouts: {implicit: 0, pageLoad: 300000, script: 30000}, unhandledPromptBehavior: dismiss and notify, webauthn:extension:credBlob: true, webauthn:extension:largeBlob: true, webauthn:virtualAuthenticators: true}
Element: [[ChromeDriver: chrome on WINDOWS (21964c6f44de357a142720f309c1d8a3)] -> xpath: //div[contains(text(),'successfully')]]
Session ID: 21964c6f44de357a142720f309c1d8a3
	at sun.reflect.NativeConstructorAccessorImpl.newInstance0(Native Method)
	at sun.reflect.NativeConstructorAccessorImpl.newInstance(NativeConstructorAccessorImpl.java:62)
	at sun.reflect.DelegatingConstructorAccessorImpl.newInstance(DelegatingConstructorAccessorImpl.java:45)
	at java.lang.reflect.Constructor.newInstance(Constructor.java:423)
	at org.openqa.selenium.remote.codec.w3c.W3CHttpResponseCodec.createException(W3CHttpResponseCodec.java:200)
	at org.openqa.selenium.remote.codec.w3c.W3CHttpResponseCodec.decode(W3CHttpResponseCodec.java:133)
	at org.openqa.selenium.remote.codec.w3c.W3CHttpResponseCodec.decode(W3CHttpResponseCodec.java:53)
	at org.openqa.selenium.remote.HttpCommandExecutor.execute(HttpCommandExecutor.java:184)
	at org.openqa.selenium.remote.service.DriverCommandExecutor.invokeExecute(DriverCommandExecutor.java:167)
	at org.openqa.selenium.remote.service.DriverCommandExecutor.execute(DriverCommandExecutor.java:142)
	at org.openqa.selenium.remote.RemoteWebDriver.execute(RemoteWebDriver.java:569)
	at org.openqa.selenium.remote.RemoteWebElement.execute(RemoteWebElement.java:257)
	at org.openqa.selenium.remote.RemoteWebElement.getText(RemoteWebElement.java:207)
	at sun.reflect.NativeMethodAccessorImpl.invoke0(Native Method)
	at sun.reflect.NativeMethodAccessorImpl.invoke(NativeMethodAccessorImpl.java:62)
	at sun.reflect.DelegatingMethodAccessorImpl.invoke(DelegatingMethodAccessorImpl.java:43)
	at java.lang.reflect.Method.invoke(Method.java:498)
	at org.openqa.selenium.support.pagefactory.internal.LocatingElementHandler.invoke(LocatingElementHandler.java:52)
	at com.sun.proxy.$Proxy26.getText(Unknown Source)
	at Pages.Parent.verifyContainsText(Parent.java:42)
	at Pages.DialogContent.findAndContainsText(DialogContent.java:136)
	at StepDefinitions._02_CountrySteps.successMessageShouldBeDisplayed(_02_CountrySteps.java:33)
	at âœ½.Success message should be displayed(file:///C:/Users/pRofesÃ¶r/IdeaProjects/CucumBeR_/src/test/java/FeatureFiles/_03_CountryMultipleScenarios.feature:11)
&amp#27;[0m
Scenario Starts
Scenario conclusion=FAILED
scenario isFailed ?=true
  &amp#27;[32mAnd &amp#27;[0m&amp#27;[32mNavigate to country page&amp#27;[0m                            &amp#27;[90m# StepDefinitions._02_CountrySteps.navigateToCountryPage()&amp#27;[0m
  &amp#27;[32mWhen &amp#27;[0m&amp#27;[32mCreate a country&amp#27;[0m                                   &amp#27;[90m# StepDefinitions._02_CountrySteps.createACountry()&amp#27;[0m
]]></system-out>
    <system-err><![CDATA[ChromeDriver was started successfully.
]]></system-err>
  </testcase>
  <testcase name="runScenario" classname="Runners._08_TestRunnerParallel_MasterReport" time="11.484"/>
  <testcase name="runScenario" classname="Runners._08_TestRunnerParallel_MasterReport" time="70.211">
    <failure message="Expected condition failed: waiting for visibility of Proxy element for: DefaultElementLocator &apos;By.xpath: //div[contains(text(),&apos;successfully&apos;)]&apos; (tried for 30 second(s) with 500 milliseconds interval)" type="org.openqa.selenium.TimeoutException">org.openqa.selenium.TimeoutException: Expected condition failed: waiting for visibility of Proxy element for: DefaultElementLocator 'By.xpath: //div[contains(text(),'successfully')]' (tried for 30 second(s) with 500 milliseconds interval)
Caused by: org.openqa.selenium.NoSuchElementException: 
no such element: Unable to locate element: {"method":"xpath","selector":"//div[contains(text(),'successfully')]"}
  (Session info: chrome=104.0.5112.102)
For documentation on this error, please visit: https://selenium.dev/exceptions/#no_such_element
Build info: version: '4.3.0', revision: 'a4995e2c09*'
System info: host: 'NAMELESS', ip: '192.168.1.102', os.name: 'Windows 10', os.arch: 'amd64', os.version: '10.0', java.version: '1.8.0_331'
Driver info: org.openqa.selenium.chrome.ChromeDriver
Command: [c946624987900fb04a762b76b1ab983e, findElement {using=xpath, value=//div[contains(text(),'successfully')]}]
Capabilities {acceptInsecureCerts: false, browserName: chrome, browserVersion: 104.0.5112.102, chrome: {chromedriverVersion: 104.0.5112.79 (3cf3e8c8a07d..., userDataDir: C:\Users\PROFES~1\AppData\L...}, goog:chromeOptions: {debuggerAddress: localhost:61125}, networkConnectionEnabled: false, pageLoadStrategy: normal, platformName: WINDOWS, proxy: Proxy(), se:cdp: ws://localhost:61125/devtoo..., se:cdpVersion: 104.0.5112.102, setWindowRect: true, strictFileInteractability: false, timeouts: {implicit: 0, pageLoad: 300000, script: 30000}, unhandledPromptBehavior: dismiss and notify, webauthn:extension:credBlob: true, webauthn:extension:largeBlob: true, webauthn:virtualAuthenticators: true}
Session ID: c946624987900fb04a762b76b1ab983e
</failure>
    <system-out><![CDATA[
@Regression
Scenario: Create a counrty parameter data                     &amp#27;[90m# src/test/java/FeatureFiles/_03_CountryMultipleScenarios.feature:13&amp#27;[0m
Driver starts...
  &amp#27;[32mGiven &amp#27;[0m&amp#27;[32mNavigate to basqar&amp#27;[0m                                    &amp#27;[90m# StepDefinitions._01_LoginSteps.navigateToBasqar()&amp#27;[0m
  &amp#27;[32mWhen &amp#27;[0m&amp#27;[32mEnter username and password and click login button&amp#27;[0m     &amp#27;[90m# StepDefinitions._01_LoginSteps.enterUsernameAndPasswordAndClickLoginButton()&amp#27;[0m
  &amp#27;[32mThen &amp#27;[0m&amp#27;[32mUser should login successfuly&amp#27;[0m                          &amp#27;[90m# StepDefinitions._01_LoginSteps.userShouldLoginSuccessfuly()&amp#27;[0m
  &amp#27;[32mAnd &amp#27;[0m&amp#27;[32mNavigate to country page&amp#27;[0m                                &amp#27;[90m# StepDefinitions._02_CountrySteps.navigateToCountryPage()&amp#27;[0m
  &amp#27;[32mWhen &amp#27;[0m&amp#27;[32mCreate a country name as &amp#27;[0m&amp#27;[32m&amp#27;[1m"Nameless41"&amp#27;[0m&amp#27;[32m code as &amp#27;[0m&amp#27;[32m&amp#27;[1m"code56"&amp#27;[0m &amp#27;[90m# StepDefinitions._02_CountrySteps.createACountryNameAsCodeAs(java.lang.String,java.lang.String)&amp#27;[0m
  &amp#27;[32mGiven &amp#27;[0m&amp#27;[32mNavigate to basqar&amp#27;[0m                                    &amp#27;[90m# StepDefinitions._01_LoginSteps.navigateToBasqar()&amp#27;[0m
  &amp#27;[31mThen &amp#27;[0m&amp#27;[31mSuccess message should be displayed&amp#27;[0m                    &amp#27;[90m# StepDefinitions._02_CountrySteps.successMessageShouldBeDisplayed()&amp#27;[0m
      &amp#27;[31morg.openqa.selenium.TimeoutException: Expected condition failed: waiting for visibility of Proxy element for: DefaultElementLocator 'By.xpath: //div[contains(text(),'successfully')]' (tried for 30 second(s) with 500 milliseconds interval)
	at org.openqa.selenium.support.ui.WebDriverWait.timeoutException(WebDriverWait.java:87)
	at org.openqa.selenium.support.ui.FluentWait.until(FluentWait.java:231)
	at Pages.Parent.waitUntilVisible(Parent.java:23)
	at Pages.Parent.verifyContainsText(Parent.java:41)
	at Pages.DialogContent.findAndContainsText(DialogContent.java:136)
	at StepDefinitions._02_CountrySteps.successMessageShouldBeDisplayed(_02_CountrySteps.java:33)
	at âœ½.Success message should be displayed(file:///C:/Users/pRofesÃ¶r/IdeaProjects/CucumBeR_/src/test/java/FeatureFiles/_03_CountryMultipleScenarios.feature:15)
Caused by: org.openqa.selenium.NoSuchElementException: no such element: Unable to locate element: {"method":"xpath","selector":"//div[contains(text(),'successfully')]"}
  (Session info: chrome=104.0.5112.102)
For documentation on this error, please visit: https://selenium.dev/exceptions/#no_such_element
Build info: version: '4.3.0', revision: 'a4995e2c09*'
System info: host: 'NAMELESS', ip: '192.168.1.102', os.name: 'Windows 10', os.arch: 'amd64', os.version: '10.0', java.version: '1.8.0_331'
Driver info: org.openqa.selenium.chrome.ChromeDriver
Command: [c946624987900fb04a762b76b1ab983e, findElement {using=xpath, value=//div[contains(text(),'successfully')]}]
Capabilities {acceptInsecureCerts: false, browserName: chrome, browserVersion: 104.0.5112.102, chrome: {chromedriverVersion: 104.0.5112.79 (3cf3e8c8a07d..., userDataDir: C:\Users\PROFES~1\AppData\L...}, goog:chromeOptions: {debuggerAddress: localhost:61125}, networkConnectionEnabled: false, pageLoadStrategy: normal, platformName: WINDOWS, proxy: Proxy(), se:cdp: ws://localhost:61125/devtoo..., se:cdpVersion: 104.0.5112.102, setWindowRect: true, strictFileInteractability: false, timeouts: {implicit: 0, pageLoad: 300000, script: 30000}, unhandledPromptBehavior: dismiss and notify, webauthn:extension:credBlob: true, webauthn:extension:largeBlob: true, webauthn:virtualAuthenticators: true}
Session ID: c946624987900fb04a762b76b1ab983e
	at sun.reflect.GeneratedConstructorAccessor21.newInstance(Unknown Source)
	at sun.reflect.DelegatingConstructorAccessorImpl.newInstance(DelegatingConstructorAccessorImpl.java:45)
	at java.lang.reflect.Constructor.newInstance(Constructor.java:423)
	at org.openqa.selenium.remote.codec.w3c.W3CHttpResponseCodec.createException(W3CHttpResponseCodec.java:200)
	at org.openqa.selenium.remote.codec.w3c.W3CHttpResponseCodec.decode(W3CHttpResponseCodec.java:133)
	at org.openqa.selenium.remote.codec.w3c.W3CHttpResponseCodec.decode(W3CHttpResponseCodec.java:53)
	at org.openqa.selenium.remote.HttpCommandExecutor.execute(HttpCommandExecutor.java:184)
	at org.openqa.selenium.remote.service.DriverCommandExecutor.invokeExecute(DriverCommandExecutor.java:167)
	at org.openqa.selenium.remote.service.DriverCommandExecutor.execute(DriverCommandExecutor.java:142)
	at org.openqa.selenium.remote.RemoteWebDriver.execute(RemoteWebDriver.java:569)
	at org.openqa.selenium.remote.ElementLocation$ElementFinder$2.findElement(ElementLocation.java:162)
	at org.openqa.selenium.remote.ElementLocation.findElement(ElementLocation.java:60)
	at org.openqa.selenium.remote.RemoteWebDriver.findElement(RemoteWebDriver.java:387)
	at org.openqa.selenium.remote.RemoteWebDriver.findElement(RemoteWebDriver.java:379)
	at org.openqa.selenium.support.pagefactory.DefaultElementLocator.findElement(DefaultElementLocator.java:70)
	at org.openqa.selenium.support.pagefactory.internal.LocatingElementHandler.invoke(LocatingElementHandler.java:39)
	at com.sun.proxy.$Proxy26.isDisplayed(Unknown Source)
	at org.openqa.selenium.support.ui.ExpectedConditions.elementIfVisible(ExpectedConditions.java:307)
	at org.openqa.selenium.support.ui.ExpectedConditions.access$000(ExpectedConditions.java:40)
	at org.openqa.selenium.support.ui.ExpectedConditions$10.apply(ExpectedConditions.java:293)
	at org.openqa.selenium.support.ui.ExpectedConditions$10.apply(ExpectedConditions.java:290)
	at org.openqa.selenium.support.ui.FluentWait.until(FluentWait.java:208)
	at Pages.Parent.waitUntilVisible(Parent.java:23)
	at Pages.Parent.verifyContainsText(Parent.java:41)
	at Pages.DialogContent.findAndContainsText(DialogContent.java:136)
	at StepDefinitions._02_CountrySteps.successMessageShouldBeDisplayed(_02_CountrySteps.java:33)
	at sun.reflect.NativeMethodAccessorImpl.invoke0(Native Method)
	at sun.reflect.NativeMethodAccessorImpl.invoke(NativeMethodAccessorImpl.java:62)
	at sun.reflect.DelegatingMethodAccessorImpl.invoke(DelegatingMethodAccessorImpl.java:43)
	at java.lang.reflect.Method.invoke(Method.java:498)
	at io.cucumber.java.Invoker.doInvoke(Invoker.java:66)
	at io.cucumber.java.Invoker.invoke(Invoker.java:24)
	at io.cucumber.java.AbstractGlueDefinition.invokeMethod(AbstractGlueDefinition.java:47)
	at io.cucumber.java.JavaStepDefinition.execute(JavaStepDefinition.java:29)
	at io.cucumber.core.runner.CoreStepDefinition.execute(CoreStepDefinition.java:66)
	at io.cucumber.core.runner.PickleStepDefinitionMatch.runStep(PickleStepDefinitionMatch.java:63)
	at io.cucumber.core.runner.ExecutionMode$1.execute(ExecutionMode.java:10)
	at io.cucumber.core.runner.TestStep.executeStep(TestStep.java:85)
	at io.cucumber.core.runner.TestStep.run(TestStep.java:57)
	at io.cucumber.core.runner.PickleStepTestStep.run(PickleStepTestStep.java:51)
	at io.cucumber.core.runner.TestCase.run(TestCase.java:84)
	at io.cucumber.core.runner.Runner.runPickle(Runner.java:75)
	at io.cucumber.testng.TestNGCucumberRunner.lambda$runScenario$1(TestNGCucumberRunner.java:132)
	at io.cucumber.core.runtime.CucumberExecutionContext.lambda$runTestCase$5(CucumberExecutionContext.java:129)
	at io.cucumber.core.runtime.RethrowingThrowableCollector.executeAndThrow(RethrowingThrowableCollector.java:23)
	at io.cucumber.core.runtime.CucumberExecutionContext.runTestCase(CucumberExecutionContext.java:129)
	at io.cucumber.testng.TestNGCucumberRunner.runScenario(TestNGCucumberRunner.java:129)
	at io.cucumber.testng.AbstractTestNGCucumberTests.runScenario(AbstractTestNGCucumberTests.java:35)
	at sun.reflect.NativeMethodAccessorImpl.invoke0(Native Method)
	at sun.reflect.NativeMethodAccessorImpl.invoke(NativeMethodAccessorImpl.java:62)
	at sun.reflect.DelegatingMethodAccessorImpl.invoke(DelegatingMethodAccessorImpl.java:43)
	at java.lang.reflect.Method.invoke(Method.java:498)
	at org.testng.internal.MethodInvocationHelper.invokeMethod(MethodInvocationHelper.java:84)
	at org.testng.internal.Invoker.invokeMethod(Invoker.java:714)
	at org.testng.internal.Invoker.invokeTestMethod(Invoker.java:901)
	at org.testng.internal.Invoker.invokeTestMethods(Invoker.java:1231)
	at org.testng.internal.TestMethodWorker.invokeTestMethods(TestMethodWorker.java:127)
	at org.testng.internal.TestMethodWorker.run(TestMethodWorker.java:111)
	at org.testng.TestRunner.privateRun(TestRunner.java:767)
	at org.testng.TestRunner.run(TestRunner.java:617)
	at org.testng.SuiteRunner.runTest(SuiteRunner.java:334)
	at org.testng.SuiteRunner.access$000(SuiteRunner.java:37)
	at org.testng.SuiteRunner$SuiteWorker.run(SuiteRunner.java:368)
	at org.testng.internal.thread.ThreadUtil$2.call(ThreadUtil.java:64)
	at java.util.concurrent.FutureTask.run(FutureTask.java:266)
	at java.util.concurrent.ThreadPoolExecutor.runWorker(ThreadPoolExecutor.java:1149)
	at java.util.concurrent.ThreadPoolExecutor$Worker.run(ThreadPoolExecutor.java:624)
	at java.lang.Thread.run(Thread.java:750)
&amp#27;[0m
Scenario Starts
Scenario conclusion=FAILED
scenario isFailed ?=true
  &amp#27;[31mWhen &amp#27;[0m&amp#27;[31mEnter username and password and click login button&amp#27;[0m     &amp#27;[90m# StepDefinitions._01_LoginSteps.enterUsernameAndPasswordAndClickLoginButton()&amp#27;[0m
      &amp#27;[31morg.openqa.selenium.TimeoutException: Expected condition failed: waiting for visibility of [[FirefoxDriver: firefox on WINDOWS (38222ef5-fad8-4dcf-ae02-cfb54ffc4c80)] -> id: mat-input-0] (tried for 30 second(s) with 500 milliseconds interval)
Build info: version: '4.3.0', revision: 'a4995e2c09*'
System info: host: 'NAMELESS', ip: '192.168.1.102', os.name: 'Windows 10', os.arch: 'amd64', os.version: '10.0', java.version: '1.8.0_331'
Driver info: org.openqa.selenium.firefox.FirefoxDriver
Capabilities {acceptInsecureCerts: true, browserName: firefox, browserVersion: 104.0.1, moz:accessibilityChecks: false, moz:buildID: 20220829141339, moz:debuggerAddress: localhost:53169, moz:geckodriverVersion: 0.31.0, moz:headless: false, moz:platformVersion: 10.0, moz:processID: 3616, moz:profile: C:\Users\PROFES~1\AppData\L..., moz:shutdownTimeout: 60000, moz:useNonSpecCompliantPointerOrigin: false, moz:webdriverClick: true, moz:windowless: false, pageLoadStrategy: normal, platformName: WINDOWS, proxy: Proxy(), se:cdp: ws://localhost:53169/devtoo..., se:cdpVersion: 85.0, setWindowRect: true, strictFileInteractability: false, timeouts: {implicit: 0, pageLoad: 300000, script: 30000}, unhandledPromptBehavior: dismiss and notify}
Session ID: 38222ef5-fad8-4dcf-ae02-cfb54ffc4c80
	at org.openqa.selenium.support.ui.WebDriverWait.timeoutException(WebDriverWait.java:87)
	at org.openqa.selenium.support.ui.FluentWait.until(FluentWait.java:231)
	at Pages.Parent.waitUntilVisible(Parent.java:23)
	at Pages.Parent.sendKeysFunction(Parent.java:16)
	at Pages.DialogContent.findAndSend(DialogContent.java:111)
	at StepDefinitions._01_LoginSteps.enterUsernameAndPasswordAndClickLoginButton(_01_LoginSteps.java:21)
	at âœ½.Enter username and password and click login button(file:///C:/Users/pRofesÃ¶r/IdeaProjects/CucumBeR_/src/test/java/FeatureFiles/_03_CountryMultipleScenarios.feature:5)
&amp#27;[0m
  &amp#27;[36mThen &amp#27;[0m&amp#27;[36mUser should login successfuly&amp#27;[0m                          &amp#27;[90m# StepDefinitions._01_LoginSteps.userShouldLoginSuccessfuly()&amp#27;[0m
  &amp#27;[36mAnd &amp#27;[0m&amp#27;[36mNavigate to country page&amp#27;[0m                                &amp#27;[90m# StepDefinitions._02_CountrySteps.navigateToCountryPage()&amp#27;[0m
  &amp#27;[36mWhen &amp#27;[0m&amp#27;[36mCreate a country name as &amp#27;[0m&amp#27;[36m&amp#27;[1m"Nameless41"&amp#27;[0m&amp#27;[36m code as &amp#27;[0m&amp#27;[36m&amp#27;[1m"code56"&amp#27;[0m &amp#27;[90m# StepDefinitions._02_CountrySteps.createACountryNameAsCodeAs(java.lang.String,java.lang.String)&amp#27;[0m
  &amp#27;[36mThen &amp#27;[0m&amp#27;[36mSuccess message should be displayed&amp#27;[0m                    &amp#27;[90m# StepDefinitions._02_CountrySteps.successMessageShouldBeDisplayed()&amp#27;[0m
Scenario Starts
Scenario conclusion=FAILED
scenario isFailed ?=true
]]></system-out>
  </testcase>
  <testcase name="runScenario" classname="Runners._08_TestRunnerParallel_MasterReport" time="75.038">
    <failure message="Expected condition failed: waiting for visibility of [[FirefoxDriver: firefox on WINDOWS (38222ef5-fad8-4dcf-ae02-cfb54ffc4c80)] -&gt; id: mat-input-0] (tried for 30 second(s) with 500 milliseconds interval)&#10;Build info: version: &apos;4.3.0&apos;, revision: &apos;a4995e2c09*&apos;&#10;System info: host: &apos;NAMELESS&apos;, ip: &apos;192.168.1.102&apos;, os.name: &apos;Windows 10&apos;, os.arch: &apos;amd64&apos;, os.version: &apos;10.0&apos;, java.version: &apos;1.8.0_331&apos;&#10;Driver info: org.openqa.selenium.firefox.FirefoxDriver&#10;Capabilities {acceptInsecureCerts: true, browserName: firefox, browserVersion: 104.0.1, moz:accessibilityChecks: false, moz:buildID: 20220829141339, moz:debuggerAddress: localhost:53169, moz:geckodriverVersion: 0.31.0, moz:headless: false, moz:platformVersion: 10.0, moz:processID: 3616, moz:profile: C:\Users\PROFES~1\AppData\L..., moz:shutdownTimeout: 60000, moz:useNonSpecCompliantPointerOrigin: false, moz:webdriverClick: true, moz:windowless: false, pageLoadStrategy: normal, platformName: WINDOWS, proxy: Proxy(), se:cdp: ws://localhost:53169/devtoo..., se:cdpVersion: 85.0, setWindowRect: true, strictFileInteractability: false, timeouts: {implicit: 0, pageLoad: 300000, script: 30000}, unhandledPromptBehavior: dismiss and notify}&#10;Session ID: 38222ef5-fad8-4dcf-ae02-cfb54ffc4c80" type="org.openqa.selenium.TimeoutException">org.openqa.selenium.TimeoutException: 
Expected condition failed: waiting for visibility of [[FirefoxDriver: firefox on WINDOWS (38222ef5-fad8-4dcf-ae02-cfb54ffc4c80)] -> id: mat-input-0] (tried for 30 second(s) with 500 milliseconds interval)
Build info: version: '4.3.0', revision: 'a4995e2c09*'
System info: host: 'NAMELESS', ip: '192.168.1.102', os.name: 'Windows 10', os.arch: 'amd64', os.version: '10.0', java.version: '1.8.0_331'
Driver info: org.openqa.selenium.firefox.FirefoxDriver
Capabilities {acceptInsecureCerts: true, browserName: firefox, browserVersion: 104.0.1, moz:accessibilityChecks: false, moz:buildID: 20220829141339, moz:debuggerAddress: localhost:53169, moz:geckodriverVersion: 0.31.0, moz:headless: false, moz:platformVersion: 10.0, moz:processID: 3616, moz:profile: C:\Users\PROFES~1\AppData\L..., moz:shutdownTimeout: 60000, moz:useNonSpecCompliantPointerOrigin: false, moz:webdriverClick: true, moz:windowless: false, pageLoadStrategy: normal, platformName: WINDOWS, proxy: Proxy(), se:cdp: ws://localhost:53169/devtoo..., se:cdpVersion: 85.0, setWindowRect: true, strictFileInteractability: false, timeouts: {implicit: 0, pageLoad: 300000, script: 30000}, unhandledPromptBehavior: dismiss and notify}
Session ID: 38222ef5-fad8-4dcf-ae02-cfb54ffc4c80
</failure>
  </testcase>
</testsuite>