<?xml version="1.0" encoding="UTF-8"?>
<testng-results skipped="0" failed="0" total="2" passed="2">
  <reporter-output>
  </reporter-output>
  <suite name="Surefire suite" duration-ms="89090" started-at="2022-10-13T11:14:42Z" finished-at="2022-10-13T11:16:12Z">
    <groups>
      <group name="cucumber">
        <method signature="AbstractTestNGCucumberTests.runScenario(io.cucumber.testng.PickleWrapper, io.cucumber.testng.FeatureWrapper)[pri:0, instance:Runners._04_TestRunnerSmoke@4b952a2d]" name="runScenario" class="io.cucumber.testng.AbstractTestNGCucumberTests"/>
      </group> <!-- cucumber -->
    </groups>
    <test name="Surefire test" duration-ms="89090" started-at="2022-10-13T11:14:42Z" finished-at="2022-10-13T11:16:12Z">
      <class name="Runners._04_TestRunnerSmoke">
        <test-method status="PASS" signature="setUpClass(org.testng.ITestContext)[pri:0, instance:Runners._04_TestRunnerSmoke@4b952a2d]" name="setUpClass" is-config="true" duration-ms="2995" started-at="2022-10-13T14:14:42Z" finished-at="2022-10-13T14:14:45Z">
          <params>
            <param index="0">
              <value>
                <![CDATA[org.testng.TestRunner@54ffa561]]>
              </value>
            </param>
          </params>
          <reporter-output>
          </reporter-output>
        </test-method> <!-- setUpClass -->
        <test-method status="PASS" signature="runScenario(io.cucumber.testng.PickleWrapper, io.cucumber.testng.FeatureWrapper)[pri:0, instance:Runners._04_TestRunnerSmoke@4b952a2d]" name="runScenario" duration-ms="46441" started-at="2022-10-13T14:14:45Z" description="Runs Cucumber Scenarios" data-provider="scenarios" finished-at="2022-10-13T14:15:32Z">
          <params>
            <param index="0">
              <value>
                <![CDATA["Login with valid username and password"]]>
              </value>
            </param>
            <param index="1">
              <value>
                <![CDATA["Login Functionality"]]>
              </value>
            </param>
          </params>
          <reporter-output>
          </reporter-output>
        </test-method> <!-- runScenario -->
        <test-method status="PASS" signature="runScenario(io.cucumber.testng.PickleWrapper, io.cucumber.testng.FeatureWrapper)[pri:0, instance:Runners._04_TestRunnerSmoke@4b952a2d]" name="runScenario" duration-ms="39442" started-at="2022-10-13T14:15:32Z" description="Runs Cucumber Scenarios" data-provider="scenarios" finished-at="2022-10-13T14:16:11Z">
          <params>
            <param index="0">
              <value>
                <![CDATA["Create Country"]]>
              </value>
            </param>
            <param index="1">
              <value>
                <![CDATA["Country Functionality"]]>
              </value>
            </param>
          </params>
          <reporter-output>
          </reporter-output>
        </test-method> <!-- runScenario -->
        <test-method status="PASS" signature="tearDownClass()[pri:0, instance:Runners._04_TestRunnerSmoke@4b952a2d]" name="tearDownClass" is-config="true" duration-ms="154" started-at="2022-10-13T14:16:11Z" finished-at="2022-10-13T14:16:12Z">
          <reporter-output>
          </reporter-output>
        </test-method> <!-- tearDownClass -->
      </class> <!-- Runners._04_TestRunnerSmoke -->
    </test> <!-- Surefire test -->
  </suite> <!-- Surefire suite -->
</testng-results>
